<?xml version="1.0" encoding="UTF-8"?>
<!-- Generated by org.testng.reporters.JUnitXMLReporter -->
<testsuite ignored="0" hostname="NTK2260" failures="0" tests="8" name="Default test" time="80.812" errors="0" timestamp="2023-01-15T21:57:02 ART">
  <testcase classname="Edit.SauceDemo.Asignacion6" name="pruebaSauceDemo" time="3.005"/>
  <testcase classname="Edit.SauceDemo.Asignacion6" name="pruebaSauceDemo" time="14.384"/>
  <testcase classname="Edit.SauceDemo.Asignacion6" name="pruebaSauceDemo" time="2.896"/>
  <testcase classname="Edit.SauceDemo.Asignacion6" name="pruebaSauceDemo" time="2.9"/>
  <testcase classname="Edit.SauceDemo.Asignacion6" name="pruebaSauceDemo" time="24.765"/>
  <testcase classname="Edit.SauceDemo.Asignacion6" name="pruebaSauceDemo" time="10.693"/>
  <testcase classname="Edit.SauceDemo.Asignacion6" name="pruebaSauceDemo" time="10.733"/>
  <testcase classname="Edit.SauceDemo.Asignacion6" name="pruebaSauceDemo" time="10.968"/>
</testsuite> <!-- Default test -->
