<?xml version="1.0" encoding="UTF-8"?>
<!-- Generated by org.testng.reporters.JUnitXMLReporter -->
<testsuite ignored="0" hostname="NTK2260" failures="0" tests="8" name="Test" time="80.465" errors="0" timestamp="2023-01-15T20:14:37 ART">
  <testcase classname="Edit.SauceDemo.Asignacion6" name="pruebaSauceDemo" time="3.017"/>
  <testcase classname="Edit.SauceDemo.Asignacion6" name="pruebaSauceDemo" time="14.49"/>
  <testcase classname="Edit.SauceDemo.Asignacion6" name="pruebaSauceDemo" time="2.851"/>
  <testcase classname="Edit.SauceDemo.Asignacion6" name="pruebaSauceDemo" time="2.866"/>
  <testcase classname="Edit.SauceDemo.Asignacion6" name="pruebaSauceDemo" time="24.613"/>
  <testcase classname="Edit.SauceDemo.Asignacion6" name="pruebaSauceDemo" time="10.532"/>
  <testcase classname="Edit.SauceDemo.Asignacion6" name="pruebaSauceDemo" time="10.659"/>
  <testcase classname="Edit.SauceDemo.Asignacion6" name="pruebaSauceDemo" time="10.948"/>
</testsuite> <!-- Test -->
